<?xml version="1.0" encoding="UTF-8"?>
<testng-results ignored="0" total="1" passed="1" failed="0" skipped="0">
  <reporter-output>
  </reporter-output>
  <suite started-at="2024-03-15T12:52:02 IST" name="Default suite" finished-at="2024-03-15T12:52:42 IST" duration-ms="40297">
    <groups>
    </groups>
    <test started-at="2024-03-15T12:52:02 IST" name="Default test" finished-at="2024-03-15T12:52:42 IST" duration-ms="40297">
      <class name="Basic.OrganizationsTest">
        <test-method signature="createOrganizationsTest()[pri:0, instance:Basic.OrganizationsTest@68c72235]" started-at="2024-03-15T12:52:02 IST" name="createOrganizationsTest" finished-at="2024-03-15T12:52:42 IST" duration-ms="40195" status="PASS">
          <reporter-output>
          </reporter-output>
        </test-method> <!-- createOrganizationsTest -->
      </class> <!-- Basic.OrganizationsTest -->
    </test> <!-- Default test -->
  </suite> <!-- Default suite -->
</testng-results>
