<?xml version="1.0" encoding="UTF-8"?>
<testng-results ignored="0" total="1" passed="1" failed="0" skipped="0">
  <reporter-output>
  </reporter-output>
  <suite started-at="2024-03-18T18:21:27 IST" name="Default suite" finished-at="2024-03-18T18:21:41 IST" duration-ms="13412">
    <groups>
    </groups>
    <test started-at="2024-03-18T18:21:27 IST" name="Default test" finished-at="2024-03-18T18:21:41 IST" duration-ms="13412">
      <class name="Basic.OrganizationsTest">
        <test-method signature="CreateorganizationnsTest()[pri:0, instance:Basic.OrganizationsTest@3a6bb9bf]" started-at="2024-03-18T18:21:27 IST" name="CreateorganizationnsTest" finished-at="2024-03-18T18:21:41 IST" duration-ms="13317" status="PASS">
          <reporter-output>
          </reporter-output>
        </test-method> <!-- CreateorganizationnsTest -->
      </class> <!-- Basic.OrganizationsTest -->
    </test> <!-- Default test -->
  </suite> <!-- Default suite -->
</testng-results>
